-5,74.99999838955773
-4.99,74.70029856904148
-4.98,74.40119844659421
-4.970000000000001,74.10270086438686
-4.960000000000001,73.80479871699208
-4.950000000000001,73.5075005309227
-4.940000000000001,73.21079920075135
-4.9300000000000015,72.91469898973446
-4.920000000000002,72.61919847678655
-4.910000000000002,72.32429766190762
-4.900000000000002,72.02999796618315
-4.890000000000002,71.7363008106986
-4.880000000000003,71.44319909002661
-4.870000000000003,71.15070133068002
-4.860000000000003,70.85880042723147
-4.850000000000003,70.56749780076643
-4.840000000000003,70.27679913562679
-4.830000000000004,69.98670016855613
-4.820000000000004,69.69720089955445
-4.810000000000004,69.4082984864508
-4.800000000000004,69.12000003467256
-4.7900000000000045,68.83229843879235
-4.780000000000005,68.54519938315207
-4.770000000000005,68.25870002558077
-4.760000000000005,67.97279894499297
-4.750000000000005,67.68749898355964
-4.7400000000000055,67.40280014128075
-4.730000000000006,67.11870099707085
-4.720000000000006,66.83519870875898
-4.710000000000006,66.55229896068704
-4.700000000000006,66.26999891068408
-4.690000000000007,65.98829997983557
-4.680000000000007,65.70720074705605
-4.670000000000007,65.4267012123455
-4.660000000000007,65.146798533533
-4.6500000000000075,64.86749981604589
-4.640000000000008,64.58879795445682
-4.630000000000008,64.31069863310768
-4.620000000000008,64.03320043091298
-4.610000000000008,63.7563005057018
-4.6000000000000085,63.4800002785596
-4.590000000000009,63.20429832840091
-4.580000000000009,62.92919891848214
-4.570000000000009,62.65470062771783
-4.560000000000009,62.380800613937026
-4.55000000000001,62.10749745605426
-4.54000000000001,61.83479825949689
-4.53000000000001,61.562698761008505
-4.52000000000001,61.29119753950363
-4.5100000000000104,61.02030027932415
-4.500000000000011,60.749999875042704
-4.490000000000011,60.480300589915714
-4.480000000000011,60.211199581772235
-4.470000000000011,59.94269969278321
-4.4600000000000115,59.67479950186316
-4.450000000000012,59.40750043009757
-4.440000000000012,59.14080105640096
-4.430000000000012,58.87469995968786
-4.420000000000012,58.60919998212921
-4.410000000000013,58.34430112372502
-4.400000000000013,58.08000054230433
-4.390000000000013,57.8163010800381
-4.380000000000013,57.55319989475538
-4.370000000000013,57.29069982862711
-4.360000000000014,57.028799460567825
-4.350000000000014,56.76750021166299
-4.340000000000014,56.50679923974167
-4.330000000000014,56.2466993869748
-4.3200000000000145,55.98720065336238
-4.310000000000015,55.728298775648
-4.300000000000015,55.469999438173545
-4.290000000000015,55.21229979876807
-4.280000000000015,54.95519985743158
-4.270000000000016,54.69870103524954
-4.260000000000016,54.44279906896554
-4.250000000000016,54.187499642921466
-4.240000000000016,53.93279991494637
-4.230000000000016,53.67869846395479
-4.220000000000017,53.4252009742886
-4.210000000000017,53.17229891943498
-4.200000000000017,52.91999940482128
-4.190000000000017,52.66829958827657
-4.1800000000000175,52.417199469800835
-4.170000000000018,52.16669904939408
-4.160000000000018,51.91679832705631
-4.150000000000018,51.667498723872995
-4.140000000000018,51.41879881875866
-4.1300000000000185,51.170697190627834
-4.120000000000019,50.923199523822404
-4.110000000000019,50.676300134000485
-4.100000000000019,50.429999021162075
-4.090000000000019,50.18429902747812
-4.08000000000002,49.939200152948615
-4.07000000000002,49.69469955540262
-4.06000000000002,49.45079865592561
-4.05000000000002,49.20750029668852
-4.0400000000000205,48.96479879334947
-4.030000000000021,48.72269983025035
-4.020000000000021,48.48119772304926
-4.010000000000021,48.24029957717357
-4.000000000000021,47.99999970828139
-3.9900000000000215,47.760299537458195
-3.9800000000000217,47.521199775246714
-3.970000000000022,47.282699711104215
-3.960000000000022,47.0447993450307
-3.9500000000000224,46.80750009811163
-3.9400000000000226,46.57079983871881
-3.930000000000023,46.334699277394975
-3.920000000000023,46.09919983522559
-3.9100000000000232,45.86430009112519
-3.9000000000000234,45.630000045093766
-3.8900000000000237,45.396299697131326
-3.880000000000024,45.16319904723787
-3.870000000000024,44.93069951649886
-3.8600000000000243,44.69879968382884
-3.8500000000000245,44.467499549227796
-3.8400000000000247,44.236799112695735
-3.830000000000025,44.00669979531813
-3.820000000000025,43.777199465466765
-3.8100000000000254,43.54829954422712
-3.8000000000000256,43.31999932105646
-3.790000000000026,43.09229950649751
-3.780000000000026,42.86519939000755
-3.770000000000026,42.638700392672035
-3.7600000000000264,42.4127989617773
-3.7500000000000266,42.187500071122486
-3.740000000000027,41.96279945745118
-3.730000000000027,41.738699962934334
-3.7200000000000273,41.51519945594373
-3.7100000000000275,41.29230006810758
-3.7000000000000277,41.07000037834041
-3.690000000000028,40.84829896555675
-3.680000000000028,40.62719938247028
-3.6700000000000284,40.40669949745279
-3.6600000000000286,40.18680002104702
-3.6500000000000288,39.967499532167494
-3.640000000000029,39.748799451899686
-3.630000000000029,39.53069906970086
-3.6200000000000294,39.313199806656485
-3.6100000000000296,39.09630024168109
-3.60000000000003,38.879999664231946
-3.59000000000003,38.66430020593725
-3.5800000000000303,38.449199735168804
-3.5700000000000305,38.23470038355481
-3.5600000000000307,38.02080001946706
-3.550000000000031,37.80749935344829
-3.540000000000031,37.594800517126714
-3.5300000000000313,37.38269924724591
-3.5200000000000315,37.17119909651956
-3.5100000000000318,36.960299354404924
-3.500000000000032,36.74999931035927
-3.490000000000032,36.540299674925336
-3.4800000000000324,36.33119973756038
-3.4700000000000326,36.12269949826441
-3.460000000000033,35.91480037812289
-3.450000000000033,35.707498824422146
-3.4400000000000333,35.50079910041859
-3.4300000000000335,35.29469978502675
-3.4200000000000337,35.08919945716116
-3.410000000000034,34.884298827364546
-3.400000000000034,34.67999931672239
-3.3900000000000343,34.476300214691946
-3.3800000000000345,34.27319867910228
-3.3700000000000347,34.0706989732098
-3.360000000000035,33.868798965386304
-3.350000000000035,33.667499366174525
-3.3400000000000354,33.46679946503173
-3.3300000000000356,33.26669926195791
-3.320000000000036,33.06719946749581
-3.310000000000036,32.86830008164543
-3.3000000000000362,32.669999683321294
-3.2900000000000365,32.47229898306614
-3.2800000000000367,32.2751986914227
-3.270000000000037,32.07869951893372
-3.260000000000037,31.882800044513715
-3.2500000000000373,31.687500268162694
-3.2400000000000375,31.492800189880654
-3.2300000000000377,31.298699809667596
-3.220000000000038,31.105199838066255
-3.210000000000038,30.912299564533896
-3.2000000000000384,30.72000041015599
-3.1900000000000386,30.528299532761594
-3.180000000000039,30.337199063978915
-3.170000000000039,30.14669935907932
-3.160000000000039,29.956799707520076
-3.1500000000000394,29.767499754029814
-3.1400000000000396,29.5787998538799
-3.13000000000004,29.39069965179897
-3.12000000000004,29.203199858329754
-3.1100000000000403,29.01629976292952
-3.1000000000000405,28.829999720869637
-3.0900000000000407,28.64430008742147
-3.080000000000041,28.459199796770918
-3.070000000000041,28.274699559460714
-3.0600000000000414,28.090799730762228
-3.0500000000000416,27.907499600132724
-3.040000000000042,27.72479952284357
-3.030000000000042,27.54269985416613
-3.020000000000042,27.361199528286306
-3.0100000000000424,27.180299966289567
-3.0000000000000426,26.999999747090442
-2.990000000000043,26.820299936503034
-2.980000000000043,26.641199823984607
-2.9700000000000433,26.462699409535162
-2.9600000000000435,26.284799758968802
-2.9500000000000437,26.107499806471424
-2.940000000000044,25.930799907314395
-2.930000000000044,25.754699706226347
-2.9200000000000443,25.579199913750017
-2.9100000000000446,25.40429981934267
-2.9000000000000448,25.22999977827567
-2.890000000000045,25.05629979054902
-2.880000000000045,24.88319950089135
-2.8700000000000454,24.710699975116768
-2.8600000000000456,24.538800147411166
-2.850000000000046,24.367499662503178
-2.840000000000046,24.196799941478275
-2.8300000000000463,24.026699918522354
-2.8200000000000465,23.857199948906782
-2.8100000000000467,23.68830003263156
-2.800000000000047,23.51999981442532
-2.790000000000047,23.352299649559427
-2.7800000000000473,23.185199893305253
-2.7700000000000475,23.01869983512006
-2.7600000000000477,22.852799830275217
-2.750000000000048,22.687499523499355
-2.740000000000048,22.52279962533521
-2.7300000000000484,22.358699780511415
-2.7200000000000486,22.1951996337566
-2.710000000000049,22.032299895613505
-2.700000000000049,21.86999985553939
-2.6900000000000492,21.708300224076993
-2.6800000000000495,21.54719958014084
-2.6700000000000497,21.386699700087775
-2.66000000000005,21.226799873375057
-2.65000000000005,21.06750010000269
-2.6400000000000503,20.908799669427935
-2.6300000000000505,20.7506996474649
-2.6200000000000507,20.59319967884221
-2.610000000000051,20.436299763559873
-2.600000000000051,20.279999901617884
-2.5900000000000514,20.124300093016245
-2.5800000000000516,19.96919962721222
-2.570000000000052,19.81469992529128
-2.560000000000052,19.660799566167952
-2.5500000000000522,19.507499615656343
-2.5400000000000524,19.354799718485083
-2.5300000000000527,19.202699874654172
-2.520000000000053,19.051199728892243
-2.510000000000053,18.900299636470663
-2.5000000000000533,18.7499999526608
-2.4900000000000535,18.60029996691992
-2.4800000000000537,18.451199856883704
-2.470000000000054,18.30269980018784
-2.460000000000054,18.15479979683232
-2.4500000000000544,18.00749966918147
-2.4400000000000546,17.860799772506653
-2.430000000000055,17.714699929172184
-2.420000000000055,17.569199783906697
-2.410000000000055,17.424299869617244
-2.4000000000000554,17.279999831032455
-2.3900000000000556,17.136299845788017
-2.380000000000056,16.993199736248243
-2.370000000000056,16.850699857684504
-2.3600000000000563,16.708799677189745
-2.3500000000000565,16.56749972767102
-2.3400000000000567,16.426799831492644
-2.330000000000057,16.286699811018934
-2.320000000000057,16.14719966624989
-2.3100000000000573,16.008299752456878
-2.3000000000000576,15.869999714368532
-2.2900000000000578,15.732299729620536
-2.280000000000058,15.595199798212889
-2.270000000000058,15.458699920145591
-2.2600000000000584,15.322799917782959
-2.2500000000000586,15.187499791124992
-2.240000000000059,15.052799717807375
-2.230000000000059,14.918699697830107
-2.2200000000000593,14.785199731193188
-2.2100000000000595,14.652299995532303
-2.2000000000000597,14.5199999579404
-2.19000000000006,14.388299796053161
-2.18000000000006,14.257199687506272
-2.1700000000000603,14.1266999875711
-2.1600000000000605,13.996799808069227
-2.1500000000000608,13.867499859543386
-2.140000000000061,13.738799786722211
-2.130000000000061,13.610699767241385
-2.1200000000000614,13.483199623465225
-2.1100000000000616,13.356299888300782
-2.100000000000062,13.230000028841005
-2.090000000000062,13.104300045085893
-2.0800000000000622,12.979199759399762
-2.0700000000000625,12.854699882325349
-2.0600000000000627,12.730799880955601
-2.050000000000063,12.607499932926203
-2.040000000000063,12.48479986060147
-2.0300000000000633,12.36270001925277
-2.0200000000000635,12.241199875973052
-2.0100000000000637,12.120299963669368
-2.000000000000064,11.999999927070348
-1.990000000000064,11.880299854993837
-1.980000000000064,11.761199836257674
-1.970000000000064,11.642699870861861
-1.960000000000064,11.524799869988556
-1.950000000000064,11.4074999224556
-1.940000000000064,11.290799850627309
-1.9300000000000639,11.174699832139368
-1.9200000000000639,11.059199955809618
-1.9100000000000639,10.944299955184533
-1.9000000000000639,10.829999830264114
-1.8900000000000639,10.716299847501887
-1.8800000000000638,10.603199829262167
-1.8700000000000638,10.490699864362796
-1.8600000000000638,10.378799952803774
-1.8500000000000638,10.267499828131577
-1.8400000000000638,10.15679984561757
-1.8300000000000638,10.046699916443913
-1.8200000000000638,9.93719977415708
-1.8100000000000638,9.828299951664121
-1.8000000000000638,9.719999916057986
-1.7900000000000638,9.612299844974359
-1.7800000000000638,9.505199916048923
-1.7700000000000637,9.398699862828153
-1.7600000000000637,9.292799862947732
-1.7500000000000637,9.18749991640766
-1.7400000000000637,9.082799934390096
-1.7300000000000637,8.978699916895039
-1.7200000000000637,8.875199952740331
-1.7100000000000637,8.772299953108131
-1.7000000000000637,8.669999917998439
-1.6900000000000637,8.568299936229096
-1.6800000000000637,8.46719991898226
-1.6700000000000637,8.366699866257932
-1.6600000000000636,8.266799866873953
-1.6500000000000636,8.167500009648165
-1.6400000000000636,8.06879985049136
-1.6300000000000636,7.970699922310587
-1.6200000000000636,7.87319986983448
-1.6100000000000636,7.776299959516564
-1.6000000000000636,7.6799999249033135
-1.5900000000000636,7.584299943630413
-1.5800000000000636,7.489199882471098
-1.5700000000000636,7.394699874652133
-1.5600000000000636,7.300799875764596
-1.5500000000000635,7.207499930217409
-1.5400000000000635,7.114799949192729
-1.5300000000000635,7.022699932690557
-1.5200000000000635,6.931199925119813
-1.5100000000000635,6.840299926480498
-1.5000000000000635,6.7499999367726105
-1.4900000000000635,6.660299911587231
-1.4800000000000635,6.5711998509243585
-1.4700000000000635,6.482699932419678
-1.4600000000000635,6.394799934028583
-1.4500000000000635,6.307499900159996
-1.4400000000000635,6.220799919631759
-1.4300000000000634,6.134699903626029
-1.4200000000000634,6.049199940960648
-1.4100000000000634,5.9642999428177745
-1.4000000000000634,5.879999909197409
-1.3900000000000634,5.796299928917392
-1.3800000000000634,5.713199957568804
-1.3700000000000634,5.630699906333803
-1.3600000000000634,5.54879990843915
-1.3500000000000634,5.467499963884848
-1.3400000000000634,5.38679989503521
-1.3300000000000634,5.306699968343764
-1.3200000000000633,5.227199917356984
-1.3100000000000633,5.148299919710553
-1.3000000000000633,5.06999993099555
-1.2900000000000633,4.992299906803055
-1.2800000000000633,4.915199935950909
-1.2700000000000633,4.838699929621271
-1.2600000000000633,4.762799976631982
-1.2500000000000633,4.68749996596074
-1.2400000000000633,4.612799919812005
-1.2300000000000633,4.53869992700362
-1.2200000000000633,4.465199920922203
-1.2100000000000632,4.392299945976674
-1.2000000000000632,4.319999935553653
-1.1900000000000632,4.248299934062061
-1.1800000000000632,4.177199963706357
-1.1700000000000632,4.106699935668701
-1.1600000000000632,4.036799938766933
-1.1500000000000632,3.967499973001054
-1.1400000000000632,3.8987999273487617
-1.1300000000000632,3.8306999350368187
-1.1200000000000632,3.7631999294518437
-1.1100000000000632,3.6962999550027575
-1.1000000000000631,3.6299999672806393
-1.0900000000000631,3.5642999440810286
-1.0800000000000631,3.4991999520173067
-1.0700000000000631,3.434699946680553
-1.0600000000000631,3.3707999502752273
-1.050000000000063,3.3074999405968697
-1.040000000000063,3.244799962054401
-1.030000000000063,3.18269994803444
-1.020000000000063,3.1211999651503675
-1.010000000000063,3.060299968993263
-1.000000000000063,2.999999981767587
-0.990000000000063,2.940299981268879
-0.980000000000063,2.8811999897015994
-0.970000000000063,2.8226999848612877
-0.960000000000063,2.764799977850174
-0.950000000000063,2.7074999908727193
-0.940000000000063,2.650799979520002
-0.930000000000063,2.5946999882009436
-0.920000000000063,2.5391999947110833
-0.910000000000063,2.4842999768459606
-0.900000000000063,2.4299999790144966
-0.890000000000063,2.376299979012231
-0.880000000000063,2.323199976839163
-0.870000000000063,2.270699994699754
-0.8600000000000629,2.2187999770828526
-0.8500000000000629,2.1674999794996097
-0.8400000000000629,2.1167999908477952
-0.8300000000000629,2.0666999889229487
-0.8200000000000629,2.0171999848273003
-0.8100000000000629,1.9682999896630804
-0.8000000000000629,1.9199999812258284
-0.7900000000000629,1.87229998727112
-0.7800000000000629,1.8251999855944945
-0.7700000000000629,1.7786999872981824
-0.7600000000000628,1.7327999868310684
-0.7500000000000628,1.6874999897442677
-0.7400000000000628,1.6427999849355501
-0.7300000000000628,1.598699989058261
-0.7200000000000628,1.5551999854590548
-0.7100000000000628,1.512299985240162
-0.7000000000000628,1.4699999828504673
-0.6900000000000628,1.428299983841086
-0.6800000000000628,1.3871999882120178
-0.6700000000000628,1.346699990412148
-0.6600000000000628,1.306799984890361
-0.6500000000000627,1.2674999883000027
-0.6400000000000627,1.2287999895388424
-0.6300000000000627,1.1906999830557652
-0.6200000000000627,1.153199988279674
-0.6100000000000627,1.1162999885572233
-0.6000000000000627,1.0799999894395285
-0.5900000000000627,1.0442999853754742
-0.5800000000000627,1.0091999902428483
-0.5700000000000627,0.974699984612748
-0.5600000000000627,0.9407999906896336
-0.5500000000000627,0.9074999890446023
-0.5400000000000627,0.8747999880043267
-0.5300000000000626,0.8426999875688068
-0.5200000000000626,0.8111999877380427
-0.5100000000000626,0.7802999885120343
-0.5000000000000626,0.7499999843396665
-0.4900000000000626,0.7202999849353908
-0.4800000000000626,0.6911999847480921
-0.4700000000000626,0.6626999851655491
-0.4600000000000626,0.6347999861877618
-0.45000000000006257,0.6074999864269515
-0.44000000000006256,0.5807999872708969
-0.43000000000006255,0.5546999873318192
-0.42000000000006255,0.5291999866097186
-0.41000000000006254,0.5042999878801524
-0.40000000000006253,0.4799999869797844
-0.3900000000000625,0.45629998807195093
-0.3800000000000625,0.4331999890749838
-0.3700000000000625,0.41069998929499363
-0.3600000000000625,0.3887999887319804
-0.3500000000000625,0.3674999894676123
-0.3400000000000625,0.34679998942022117
-0.33000000000006247,0.32669998997758576
-0.32000000000006246,0.3071999897519273
-0.31000000000006245,0.2882999904779693
-0.30000000000006244,0.2699999911148776
-0.29000000000006243,0.2522999909687629
-0.2800000000000624,0.2351999914274039
-0.2700000000000624,0.21869999144996655
-0.2600000000000624,0.20279999242422964
-0.2500000000000624,0.18749999244199733
-0.24000000000006239,0.17279999271757607
-0.23000000000006238,0.1586999930774935
-0.22000000000006237,0.14519999334827727
-0.21000000000006236,0.13229999352992738
-0.20000000000006235,0.1199999937959162
-0.19000000000006234,0.10829999423297987
-0.18000000000006233,0.09719999458090989
-0.17000000000006232,0.08669999492644243
-0.16000000000006231,0.07679999518284131
-0.1500000000000623,0.0674999954802108
-0.1400000000000623,0.0587999957751828
-0.1300000000000623,0.05069999602438924
-0.12000000000006229,0.04319999637961841
-0.1100000000000623,0.036299996689082015
-0.1000000000000623,0.029999996996148137
-0.09000000000006231,0.024299997289974756
-0.08000000000006231,0.019199997592245915
-0.07000000000006232,0.014699997892119593
-0.060000000000062316,0.010799998203148316
-0.050000000000062314,0.007499998500937535
-0.04000000000006231,0.004799998800395031
-0.03000000000006231,0.002699999100504364
-0.020000000000062308,0.0011999994002490945
-0.010000000000062308,0.000299999700010387
-6.230779781013496e-14,9.999813077771249e-17
0.009999999999937692,0.0003000002999849994
0.019999999999937693,0.0012000006001559676
0.029999999999937695,0.0027000009006187837
0.039999999999937697,0.004800001200547591
0.0499999999999377,0.007500001501467048
0.0599999999999377,0.010800001802699528
0.0699999999999377,0.014700002093403011
0.07999999999993769,0.019200002384419518
0.08999999999993769,0.024300002700143597
0.09999999999993768,0.03000000298094413
0.10999999999993768,0.03630000328103122
0.11999999999993767,0.04320000355703679
0.12999999999993767,0.050700003917381053
0.13999999999993767,0.05880000418859166
0.14999999999993768,0.06750000445740478
0.1599999999999377,0.0768000048105566
0.1699999999999377,0.08670000498783859
0.1799999999999377,0.09720000533619544
0.18999999999993772,0.10830000559541864
0.19999999999993773,0.12000000611245287
0.20999999999993774,0.13230000619340876
0.21999999999993775,0.14520000635870334
0.22999999999993775,0.15870000678180896
0.23999999999993776,0.17280000711578092
0.24999999999993777,0.18750000718714688
0.2599999999999378,0.20280000768979622
0.2699999999999378,0.21870000810331192
0.2799999999999378,0.23520000842769395
0.2899999999999378,0.25230000866294233
0.2999999999999378,0.27000000880905706
0.3099999999999378,0.2883000092129828
0.31999999999993783,0.3072000098747196
0.32999999999993784,0.3267000101003781
0.33999999999993785,0.3468000102369029
0.34999999999993786,0.36750000959040463
0.35999999999993787,0.3888000102425515
0.3699999999999379,0.41070001011167534
0.3799999999999379,0.4332000112794443
0.3899999999999379,0.4563000116641902
0.3999999999999379,0.48000001195980246
0.4099999999999379,0.5043000128601705
0.4199999999999379,0.5292000129775154
0.42999999999993793,0.5547000109240585
0.43999999999993794,0.5808000136386937
0.44999999999993795,0.6075000141825271
0.45999999999993796,0.6348000125555586
0.46999999999993797,0.6627000129211247
0.479999999999938,0.6912000138914465
0.489999999999938,0.7203000140787452
0.499999999999938,0.7500000162585785
0.509999999999938,0.7803000190431675
0.519999999999938,0.8112000182691759
0.529999999999938,0.8427000208754976
0.539999999999938,0.8748000185354599
0.549999999999938,0.907500022351293
0.559999999999938,0.9408000212207668
0.569999999999938,0.9747000234705538
0.579999999999938,1.009200023549539
0.589999999999938,1.0443000214577225
0.599999999999938,1.0800000227462192
0.609999999999938,1.1163000246394716
0.619999999999938,1.1532000215863647
0.629999999999938,1.1907000274646862
0.6399999999999381,1.2288000228455331
0.6499999999999381,1.2675000271578085
0.6599999999999381,1.306800023748167
0.6699999999999381,1.3467000237188387
0.6799999999999381,1.3872000326209388
0.6899999999999381,1.4283000226988918
0.6999999999999381,1.4700000328105034
0.7099999999999381,1.512300029649083
0.7199999999999381,1.5552000298679758
0.7299999999999381,1.598700033467182
0.7399999999999382,1.642800023793356
0.7499999999999382,1.6875000286020736
0.7599999999999382,1.7328000367911045
0.7699999999999382,1.7787000317071033
0.7799999999999382,1.8252000355545306
0.7899999999999382,1.8723000261289258
0.7999999999999382,1.9200000367369796
0.8099999999999382,1.9683000340720014
0.8199999999999382,2.0172000403384516
0.8299999999999382,2.0667000333318697
0.8399999999999382,2.1168000463589465
0.8499999999999382,2.167500035010761
0.8599999999999383,2.218800043696234
0.8699999999999383,2.270700039108675
0.8799999999999383,2.3232000323503144
0.8899999999999383,2.3763000456256123
0.8999999999999383,2.430000034525648
0.9099999999999383,2.484300043459342
0.9199999999999383,2.5392000502222345
0.9299999999999383,2.594700043712095
0.9399999999999383,2.6508000461333836
0.9499999999999383,2.7075000463838705
0.9599999999999383,2.7648000333613254
0.9699999999999384,2.822700051474669
0.9799999999999384,2.8812000341105204
0.9899999999999384,2.9403000478822605
0.9999999999999384,3.0000000372787383
1.0099999999999383,3.0603000356066445
1.0199999999999383,3.1212000095592884
1.0299999999999383,3.1826999924433608
1.0399999999999383,3.244800006463322
1.0499999999999383,3.3075000294147117
1.0599999999999383,3.3708000168886088
1.0699999999999383,3.4346999910894738
1.0799999999999383,3.499200018630688
1.0899999999999384,3.5643000328988705
1.0999999999999384,3.6300000116895603
1.1099999999999384,3.696300021616139
1.1199999999999384,3.763199996065225
1.1299999999999384,3.8307000238546607
1.1399999999999384,3.8988000161666037
1.1499999999999384,3.9674999952055146
1.1599999999999384,4.036800005380314
1.1699999999999384,4.106700024486543
1.1799999999999384,4.177200008115278
1.1899999999999384,4.248300000675442
1.1999999999999384,4.320000002167035
1.2099999999999385,4.392300012590056
1.2199999999999385,4.465200009740045
1.2299999999999385,4.538699993617001
1.2399999999999385,4.612800008629847
1.2499999999999385,4.687500010369661
1.2599999999999385,4.762800021040903
1.2699999999999385,4.838699974030192
1.2799999999999385,4.91519998035983
1.2899999999999385,4.992299995620897
1.2999999999999385,5.070000019813392
1.3099999999999385,5.148300008528395
1.3199999999999386,5.227200050583747
1.3299999999999386,5.306700012752685
1.3399999999999386,5.386799983853052
1.3499999999999386,5.467500008293769
1.3599999999999386,5.548799997256992
1.3699999999999386,5.6306999951516445
1.3799999999999386,5.713200001977725
1.3899999999999386,5.796300017735234
1.3999999999999386,5.879999998015251
1.4099999999999386,5.9642999872266955
1.4199999999999386,6.049199985369569
1.4299999999999387,6.1346999924438705
1.4399999999999387,6.220800008449601
1.4499999999999387,6.30750007779568
1.4599999999999387,6.394800067255346
1.4699999999999387,6.482699976828599
1.4799999999999387,6.5711999841511215
1.4899999999999387,6.660299955996152
1.4999999999999387,6.749999981181531
1.5099999999999387,6.8403000152983395
1.5199999999999387,6.931199969528734
1.5299999999999387,7.022699977099478
1.5399999999999388,7.11479999360165
1.5499999999999388,7.207500019035251
1.5599999999999388,7.300800008991359
1.5699999999999388,7.394700007878896
1.5799999999999388,7.48919997128894
1.5899999999999388,7.584300032448255
1.5999999999999388,7.6800000137211555
1.6099999999999388,7.776299959516564
1.6199999999999388,7.87319986983448
1.6299999999999388,7.970700011128429
1.6399999999999388,8.068800028127043
1.6499999999999388,8.167500009648165
1.6599999999999389,8.266800044509637
1.6699999999999389,8.366700043893616
1.6799999999999389,8.467200007800102
1.6899999999999389,8.568299936229096
1.699999999999939,8.67000000681628
1.709999999999939,8.772300041925973
1.719999999999939,8.875200041558173
1.729999999999939,8.97870000571288
1.739999999999939,9.082800023207938
1.749999999999939,9.18749991640766
1.759999999999939,9.292800040583415
1.769999999999939,9.398699951645995
1.779999999999939,9.505200004866765
1.789999999999939,9.612299933792201
1.799999999999939,9.719999916057986
1.809999999999939,9.828300040481963
1.819999999999939,9.937200040610605
1.829999999999939,10.046700005261755
1.839999999999939,10.156800023253254
1.849999999999939,10.26750000576726
1.859999999999939,10.378800041621616
1.869999999999939,10.49070004199848
1.879999999999939,10.603199918080009
1.889999999999939,10.716299936319729
1.899999999999939,10.830000007899798
1.909999999999939,10.944300044002375
1.919999999999939,11.059199955809618
1.929999999999939,11.17469992095721
1.939999999999939,11.290800028262993
1.9499999999999391,11.4074999224556
1.9599999999999391,11.52480004762424
1.9699999999999391,11.642699959679703
1.9799999999999391,11.761200013893358
1.9899999999999392,11.88030003262952
1.9999999999999392,11.999999927070348
2.009999999999939,12.120299963669368
2.0199999999999387,12.241199875973052
2.0299999999999385,12.362699841617086
2.0399999999999383,12.484800038237154
2.049999999999938,12.607499932926203
2.059999999999938,12.730799880955601
2.0699999999999377,12.854700059961033
2.0799999999999375,12.979199759399762
2.0899999999999372,13.104299867450209
2.099999999999937,13.230000028841005
2.109999999999937,13.356299888300782
2.1199999999999366,13.483199978736593
2.1299999999999364,13.610700122512753
2.139999999999936,13.738799964357895
2.149999999999936,13.86750003717907
2.1599999999999357,13.99679998570491
2.1699999999999355,14.1266999875711
2.1799999999999353,14.25720004277764
2.189999999999935,14.388299973688845
2.199999999999935,14.5199999579404
2.2099999999999347,14.652299995532303
2.2199999999999345,14.785199908828872
2.2299999999999343,14.91869987546579
2.239999999999934,15.052800073078743
2.249999999999934,15.187499791124992
2.2599999999999336,15.322799917782959
2.2699999999999334,15.458699920145591
2.279999999999933,15.595199798212889
2.289999999999933,15.732299729620536
2.2999999999999328,15.869999892004216
2.3099999999999326,16.008299930092562
2.3199999999999323,16.147199843885574
2.329999999999932,16.286699988654618
2.339999999999932,16.426800186764012
2.3499999999999317,16.567499905306704
2.3599999999999315,16.70879985482543
2.3699999999999313,16.850699857684504
2.379999999999931,16.993199913883927
2.389999999999931,17.1363000234237
2.3999999999999306,17.28000000866814
2.4099999999999304,17.424299869617244
2.41999999999993,17.56919996154238
2.42999999999993,17.714700106807868
2.43999999999993,17.86080012777802
2.4499999999999296,18.007499846817154
2.4599999999999294,18.15479979683232
2.469999999999929,18.302699977823522
2.479999999999929,18.451199856883704
2.4899999999999287,18.600300144555604
2.4999999999999285,18.7499999526608
2.5099999999999283,18.90029999174203
2.519999999999928,19.051199728892243
2.529999999999928,19.202699874654172
2.5399999999999276,19.35480007375645
2.5499999999999274,19.50749997092771
2.5599999999999272,19.66079992143932
2.569999999999927,19.81469992529128
2.579999999999927,19.969199982483588
2.5899999999999266,20.124299737744877
2.5999999999999264,20.280000256889252
2.609999999999926,20.43630011883124
2.619999999999926,20.59320003411358
2.6299999999999257,20.750700002736266
2.6399999999999255,20.908800024699303
2.6499999999999253,21.06749974473132
2.659999999999925,21.226799873375057
2.669999999999925,21.386699700087775
2.6799999999999247,21.54719993541221
2.6899999999999245,21.708299868805625
2.6999999999999242,21.87000021081076
2.709999999999924,22.032300250884873
2.719999999999924,22.19519998902797
2.7299999999999236,22.358699780511415
2.7399999999999234,22.522799980606578
2.749999999999923,22.68750023404209
2.759999999999923,22.852799830275217
2.7699999999999227,23.01869983512006
2.7799999999999225,23.18520024857662
2.7899999999999223,23.352300004830795
2.799999999999922,23.520000169696686
2.809999999999922,23.68830003263156
2.8199999999999217,23.857199593635414
2.8299999999999215,24.02670062906509
2.8399999999999213,24.196799586206907
2.849999999999921,24.367500017774546
2.859999999999921,24.5387997921398
2.8699999999999206,24.710699975116768
2.8799999999999204,24.88319985616272
2.88999999999992,25.05629979054902
2.89999999999992,25.230000133547037
2.9099999999999198,25.40429981934267
2.9199999999999195,25.57919955847865
2.9299999999999193,25.754700061497715
2.939999999999919,25.930799907314395
2.949999999999919,26.107499806471424
2.9599999999999187,26.284799758968802
2.9699999999999185,26.462700475349266
2.9799999999999183,26.641199823984607
2.989999999999918,26.820299936503034
2.999999999999918,27.00000010236181
3.0099999999999176,27.180299966289567
3.0199999999999174,27.361199883557674
3.029999999999917,27.54269985416613
3.039999999999917,27.724799878114936
3.0499999999999168,27.90749995540409
3.0599999999999166,28.090800086033596
3.0699999999999164,28.274699914732082
3.079999999999916,28.459200152042285
3.089999999999916,28.644299732150102
3.0999999999999157,28.829999720869637
3.1099999999999155,29.01629976292952
3.1199999999999153,29.203199858329754
3.129999999999915,29.390700007070336
3.139999999999915,29.5787998538799
3.1499999999999146,29.767499754029814
3.1599999999999144,29.956800062791444
3.169999999999914,30.146700069622057
3.179999999999914,30.33719977452165
3.189999999999914,30.52830024330433
3.1999999999999136,30.71999898907052
3.2099999999999134,30.912300275076632
3.219999999999913,31.105199838066255
3.229999999999913,31.298699809667596
3.2399999999999127,31.492800189880654
3.2499999999999125,31.687500268162694
3.2599999999999123,31.88279933397098
3.269999999999912,32.07869951893372
3.279999999999912,32.27519940196544
3.2899999999999117,32.47230040415161
3.2999999999999114,32.669999683321294
3.3099999999999112,32.868299371102694
3.319999999999911,33.06720017803855
3.329999999999911,33.266699972500646
3.3399999999999106,33.46680017557446
3.3499999999999104,33.66750007671726
3.35999999999991,33.86879967592904
3.36999999999991,34.07069968375254
3.3799999999999097,34.27320010018775
3.3899999999999095,34.476300214691946
3.3999999999999093,34.68000002726512
3.409999999999909,34.88430024845002
3.419999999999909,35.08919945716116
3.4299999999999087,35.29469978502675
3.4399999999999085,35.500799810961325
3.4499999999999083,35.70749953496488
3.459999999999908,35.91480037812289
3.469999999999908,36.12269949826441
3.4799999999999076,36.33119973756038
3.4899999999999074,36.54030038546807
3.499999999999907,36.75000002090201
3.509999999999907,36.96030006494766
3.5199999999999068,37.17119909651956
3.5299999999999065,37.382699957788645
3.5399999999999063,37.59479980658398
3.549999999999906,37.80750006399103
3.559999999999906,38.02080001946706
3.5699999999999057,38.23470038355481
3.5799999999999055,38.449199735168804
3.5899999999999053,38.66430020593725
3.599999999999905,38.879999664231946
3.609999999999905,39.09630024168109
3.6199999999999046,39.31320051719922
3.6299999999999044,39.53070049078633
3.639999999999904,39.748799451899686
3.649999999999904,39.96750024271023
3.6599999999999038,40.18680002104702
3.6699999999999036,40.40669949745279
3.6799999999999033,40.627200093013016
3.689999999999903,40.84829967609949
3.699999999999903,41.069999667797674
3.7099999999999027,41.29229935756484
3.7199999999999025,41.51519945594373
3.7299999999999023,41.738699962934334
3.739999999999902,41.96280016799392
3.749999999999902,42.18749936057975
3.7599999999999016,42.412799672320034
3.7699999999999014,42.6386996821293
3.779999999999901,42.86520010055028
3.789999999999901,43.09230021704025
3.799999999999901,43.32000003159919
3.8099999999999006,43.54829954422712
3.8199999999999004,43.777199465466765
3.8299999999999,44.00669979531813
3.8399999999999,44.23679982323847
3.8499999999998997,44.46750025977053
3.8599999999998995,44.69879968382884
3.8699999999998993,44.9307002270416
3.879999999999899,45.1631997577806
3.889999999999899,45.39630040767406
3.8999999999998987,45.630000045093766
3.9099999999998984,45.86430009112519
3.9199999999998982,46.09919983522559
3.929999999999898,46.33469998793771
3.939999999999898,46.57079983871881
3.9499999999998976,46.807499387568896
3.9599999999998974,47.0447993450307
3.969999999999897,47.282699711104215
3.979999999999897,47.521199775246714
3.9899999999998967,47.76030024800093
3.9999999999998965,48.0000018399096
4.009999999999897,48.240300998259045
4.0199999999998965,48.481199144134735
4.029999999999896,48.72269983025035
4.039999999999896,48.96479879334947
4.049999999999896,49.20749887560305
4.059999999999896,49.45080007701108
4.0699999999998955,49.69469955540262
4.079999999999895,49.939200152948615
4.089999999999895,50.18430044856359
4.099999999999895,50.429999021162075
4.109999999999895,50.676300134000485
4.119999999999894,50.923200944907876
4.129999999999894,51.17070003279878
4.139999999999894,51.41879881875866
4.149999999999894,51.66750014495847
4.159999999999894,51.916799748141784
4.169999999999893,52.16669904939408
4.179999999999893,52.417200890886306
4.189999999999893,52.66829958827657
4.199999999999893,52.91999940482128
4.2099999999998925,53.17229891943498
4.219999999999892,53.4252009742886
4.229999999999892,53.67869988504026
4.239999999999892,53.93279991494637
4.249999999999892,54.187499642921466
4.259999999999891,54.44280049005101
4.269999999999891,54.69869961416407
4.279999999999891,54.95519985743158
4.289999999999891,55.21229979876807
4.299999999999891,55.46999801708807
4.30999999999989,55.72830019673347
4.31999999999989,55.98720065336238
4.32999999999989,56.24670080806027
4.33999999999989,56.50679923974167
4.3499999999998895,56.76749736949205
4.359999999999889,57.028799460567825
4.369999999999889,57.29070124971258
4.379999999999889,57.55319989475538
4.389999999999889,57.81629965895263
4.3999999999998884,58.08000054230433
4.409999999999888,58.344299702639546
4.419999999999888,58.60919998212921
4.429999999999888,58.87469995968786
4.439999999999888,59.14079963531549
4.449999999999887,59.40750043009757
4.459999999999887,59.67479950186316
4.469999999999887,59.94270111386868
4.479999999999887,60.21119816068676
4.4899999999998865,60.48029916883024
4.499999999999886,60.749999875042704
4.509999999999886,61.02030027932415
4.519999999999886,61.29120038167457
4.529999999999886,61.56270018209398
4.5399999999998855,61.834799680582364
4.549999999999885,62.107500298225204
4.559999999999885,62.380800613937026
4.569999999999885,62.65469920663236
4.579999999999885,62.929200339567615
4.589999999999884,63.20429974948638
4.599999999999884,63.4800002785596
4.609999999999884,63.75629908461633
4.619999999999884,64.03319900982751
4.6299999999998835,64.31070005419315
4.639999999999883,64.58879795445682
4.649999999999883,64.86750123713136
4.659999999999883,65.14680137570394
4.669999999999883,65.42669979126003
4.6799999999998825,65.70720074705605
4.689999999999882,65.9882985587501
4.699999999999882,66.27000033176955
4.709999999999882,66.55230038177251
4.719999999999882,66.83520012984445
4.729999999999881,67.11869957598537
4.739999999999881,67.4027972991098
4.749999999999881,67.68749898355964
4.759999999999881,67.97279894499297
4.769999999999881,68.25870002558077
4.77999999999988,68.5451979620666
4.78999999999988,68.83229985987782
4.79999999999988,69.11999861358709
4.80999999999988,69.40829990753627
4.8199999999998795,69.69720089955445
4.829999999999879,69.98669732638518
4.839999999999879,70.27679771454132
4.849999999999879,70.56750064293738
4.859999999999879,70.85880042723147
4.869999999999878,71.15069990959455
4.879999999999878,71.44319766894114
4.889999999999878,71.7363008106986
4.899999999999878,72.03000080835409
4.909999999999878,72.3242990829931
4.919999999999877,72.61919989787202
4.929999999999877,72.91470041081993
4.939999999999877,73.21079920075135
4.949999999999877,73.5075005309227
4.9599999999998765,73.80479871699208
4.969999999999876,74.10269944330139
4.979999999999876,74.40119844659421
4.989999999999876,74.70029856904148
4.999999999999876,74.9999998106432
